ERROR: POST user/id/gadgets admin
[18/02/2008 16:32:37] u'ERROR: Falta un atributo en el elemento Property'
ERROR: POST user/id/gadgets admin
[18/02/2008 16:32:51] u'ERROR: Falta un atributo en el elemento Property'
ERROR: POST user/id/gadgets admin
[18/02/2008 16:35:13] u'ERROR: Falta un atributo en el elemento Property'
ERROR: POST user/id/gadgets admin
[18/02/2008 16:35:41] u'ERROR: Falta un atributo en el elemento Property'
ERROR: POST user/id/gadgets admin
[18/02/2008 16:36:32] u'ERROR: Missing attribute at Property element'
ERROR: POST user/id/resources admin
[18/02/2008 16:41:47] ERROR:  llave duplicada viola restricción unique «resource_gadgetresource_short_name_key»

INSERT INTO "resource_gadgetresource" ("short_name","vendor","version","added_by_user_id","author","mail","description","size","license","gadget_uri","creation_date","image_uri","wiki_page_uri","template_uri") VALUES ('AlarmPanel','Morfeo','1.2',1,'fabio','fabio@tid.es','Este gadget presenta el panel de alarmas',NULL,NULL,NULL,'2008-02-18 16:41:47.760397','http://demo.wasup.morfeo-project.org:8080/gadgets/images/AttentionSZ.jpg','http://forge.morfeo-project.org/wiki/index.php/Plataforma_WASUP','http://mac/~mike/guardarTexto2.xml')
ERROR: POST user/id/gadgets admin
[18/02/2008 16:53:14] <urlopen error (110, 'Connection timed out')>
ERROR: POST user/id/resources admin
[18/02/2008 17:00:23] ERROR:  llave duplicada viola restricción unique «resource_gadgetresource_short_name_key»

INSERT INTO "resource_gadgetresource" ("short_name","vendor","version","added_by_user_id","author","mail","description","size","license","gadget_uri","creation_date","image_uri","wiki_page_uri","template_uri") VALUES ('AlarmPanel','Morfeo','1.2',1,'fabio','fabio@tid.es','Este gadget presenta el panel de alarmas',NULL,NULL,NULL,'2008-02-18 17:00:23.097250','http://demo.wasup.morfeo-project.org:8080/gadgets/images/AttentionSZ.jpg','http://forge.morfeo-project.org/wiki/index.php/Plataforma_WASUP','http://mac/~mike/guardarTexto3.xml')
ERROR: POST user/id/gadgets admin
[18/02/2008 17:26:46] <urlopen error (110, 'Connection timed out')>
ERROR: POST user/id/resources admin
[19/02/2008 12:00:32] ERROR:  llave duplicada viola restricción unique «resource_gadgetresource_short_name_key»

INSERT INTO "resource_gadgetresource" ("short_name","vendor","version","added_by_user_id","author","mail","description","size","license","gadget_uri","creation_date","image_uri","wiki_page_uri","template_uri") VALUES ('Flickr','Morfeo','2.0',1,'jmostazo','jmostazo@pegaso.ls.fi.upm.es','Nueva version del gadget de flickr que permite enviar la ruta de la imagen seleccionada a un canal',NULL,NULL,NULL,'2008-02-19 12:00:32.029341','http://europa.ls.fi.upm.es/ezweb/gadgets/flickr.png','http://piccolo.ls.fi.upm.es:7000/flickr','http://europa.ls.fi.upm.es/ezweb/gadgets/flickr.xml')
ERROR: POST user/id/resources admin
[19/02/2008 12:04:45] <urlopen error (110, 'Connection timed out')>
ERROR: POST /user/admin/gadgets admin
[27/02/2008 13:04:39] El Gadget ya existe
ERROR: POST /user/admin/gadgets admin
[27/02/2008 13:05:52] El Gadget ya existe
ERROR: POST /user/admin/catalogue/resource admin
[29/02/2008 12:47:58] TemplateHandler instance has no attribute '_flag'
ERROR: POST /user/admin/catalogue/resource admin
[29/02/2008 12:51:00] TemplateHandler instance has no attribute '_user'
ERROR: POST /user/admin/catalogue/resource admin
[29/02/2008 12:54:34] __init__() takes exactly 2 arguments (1 given)
ERROR: POST /user/admin/catalogue/resource admin
[29/02/2008 12:55:22] TemplateHandler instance has no attribute '_uri'
ERROR: POST /user/admin/catalogue/resource admin
[29/02/2008 12:56:26] __init__() takes exactly 3 arguments (2 given)
ERROR: POST /user/admin/catalogue/resource admin
[29/02/2008 12:57:31] parseString() takes at least 2 arguments (1 given)
ERROR: POST /user/admin/catalogue/resource admin
ERROR: POST /user/admin/gadgets admin
[29/02/2008 13:20:57] El gadget ya existe
ERROR: POST /user/admin/gadgets admin
[29/02/2008 13:21:18] u"ERROR: No se puede leer el c\xf3digo XHTML - global name 'GadgetCodeParser' is not defined"
ERROR: POST /user/admin/gadgets admin
[29/02/2008 13:59:03] El gadget ya existe
ERROR: POST /user/admin/gadgets admin
[04/03/2008 12:22:13] El gadget ya existe
ERROR: POST /user/admin/gadgets admin
[04/03/2008 12:23:08] El gadget ya existe
ERROR: POST /user/admin/gadgets admin
[04/03/2008 12:34:54] El gadget ya existe
ERROR: POST /user/admin/gadgets admin
[04/03/2008 12:36:56] El gadget ya existe
ERROR: POST /user/admin/gadgets admin
[04/03/2008 12:48:27] El gadget ya existe
ERROR: POST /user/admin/gadgets admin
[04/03/2008 12:51:06] El gadget ya existe
ERROR: POST /user/admin/gadgets admin
[04/03/2008 13:23:49] El gadget ya existe
ERROR: POST /user/admin/gadgets admin
[04/03/2008 13:23:53] El gadget ya existe
ERROR: POST /user/admin/gadgets admin
[04/03/2008 13:23:55] El gadget ya existe
ERROR: POST /user/admin/gadgets admin
[04/03/2008 15:14:08] El gadget ya existe
ERROR: POST /user/admin/gadgets admin
[07/03/2008 11:52:11] El gadget ya existe
ERROR: POST /user/admin/gadgets admin
[07/03/2008 14:22:20] Gadget already exists
ERROR: POST /user/admin/gadgets admin
[07/03/2008 14:22:59] Gadget already exists
ERROR: POST /user/admin/gadgets admin
[07/03/2008 14:23:02] Gadget already exists
ERROR: POST /user/admin/gadgets admin
[07/03/2008 14:32:19] Gadget already exists
ERROR: POST /user/admin/gadgets admin
[07/03/2008 14:32:24] Gadget already exists
ERROR: POST /user/admin/gadgets admin
[07/03/2008 14:32:27] Gadget already exists
ERROR: POST /user/admin/gadgets admin
[07/03/2008 14:32:35] Gadget already exists
ERROR: POST /user/admin/gadgets admin
[07/03/2008 14:32:35] Gadget already exists
ERROR: POST /user/admin/gadgets admin
[07/03/2008 14:32:39] Gadget already exists
ERROR: POST /user/admin/gadgets admin
[07/03/2008 14:32:48] Gadget already exists
ERROR: POST /user/admin/gadgets admin
[31/03/2008 16:41:24] El gadget ya existe
ERROR: POST /user/admin/catalogue/resource admin
ERROR: POST /user/admin/gadgets admin
[31/03/2008 17:00:41] El gadget ya existe
ERROR: POST /user/admin/gadgets admin
[31/03/2008 17:08:24] El gadget ya existe
ERROR: POST /user/admin/gadgets admin
[31/03/2008 17:14:01] El gadget ya existe
ERROR: POST /user/admin/gadgets admin
[31/03/2008 18:31:41] El gadget ya existe
ERROR: POST /user/admin/gadgets admin
[31/03/2008 18:35:36] El gadget ya existe
ERROR: POST /user/admin/gadgets admin
[31/03/2008 18:36:10] El gadget ya existe
ERROR: POST /user/admin/gadgets admin
[01/04/2008 09:57:19] El gadget ya existe
ERROR: POST /user/admin/gadgets admin
[01/04/2008 11:31:02] El gadget ya existe
ERROR: POST /user/admin/gadgets admin
[01/04/2008 11:38:54] El gadget ya existe
ERROR: POST /user/admin/gadgets admin
[01/04/2008 11:42:14] El gadget ya existe
ERROR: POST /user/admin/gadgets admin
[01/04/2008 11:42:52] El gadget ya existe
ERROR: POST /user/admin/gadgets admin
[01/04/2008 14:01:51] El gadget ya existe
ERROR: POST /user/admin/gadgets admin
[01/04/2008 15:31:14] El gadget ya existe
ERROR: POST /user/admin/gadgets admin
[01/04/2008 15:31:25] El gadget ya existe
ERROR: POST /user/admin/gadgets admin
[01/04/2008 15:35:45] El gadget ya existe
ERROR: POST /user/admin/gadgets admin
[01/04/2008 15:44:10] El gadget ya existe
ERROR: POST /user/admin/gadgets admin
[01/04/2008 15:45:41] El gadget ya existe
ERROR: POST /user/admin/gadgets admin
[01/04/2008 15:50:12] El gadget ya existe
ERROR: POST /user/admin/gadgets admin
[01/04/2008 15:52:00] El gadget ya existe
ERROR: POST /user/admin/gadgets admin
[01/04/2008 15:54:05] El gadget ya existe
ERROR: POST /user/admin/gadgets admin
[01/04/2008 15:54:49] El gadget ya existe
ERROR: POST /user/admin/gadgets admin
[01/04/2008 16:33:07] El gadget ya existe
ERROR: POST /user/admin/gadgets admin
[01/04/2008 16:34:19] El gadget ya existe
ERROR: POST /user/admin/gadgets admin
[01/04/2008 16:37:15] El gadget ya existe
ERROR: POST /user/admin/gadgets admin
[01/04/2008 19:24:33] El gadget ya existe
ERROR: POST /user/admin/gadgets admin
[02/04/2008 09:03:04] El gadget ya existe
ERROR: POST /user/admin/gadgets admin
[02/04/2008 09:59:19] El gadget ya existe
ERROR: POST /user/admin/gadgets admin
[02/04/2008 10:01:09] El gadget ya existe
ERROR: POST /user/admin/gadgets admin
[02/04/2008 10:01:12] El gadget ya existe
ERROR: POST /user/admin/gadgets admin
[02/04/2008 10:01:13] El gadget ya existe
ERROR: POST /user/admin/gadgets admin
[02/04/2008 10:01:13] El gadget ya existe
ERROR: POST /user/admin/gadgets admin
[02/04/2008 10:01:14] El gadget ya existe
ERROR: POST /user/admin/gadgets admin
[02/04/2008 10:01:15] El gadget ya existe
ERROR: POST /user/admin/gadgets admin
[02/04/2008 10:01:15] El gadget ya existe
ERROR: POST /user/admin/gadgets admin
[02/04/2008 10:01:16] El gadget ya existe
ERROR: POST /user/admin/gadgets admin
[02/04/2008 10:01:16] El gadget ya existe
ERROR: POST /user/admin/gadgets admin
[02/04/2008 10:01:16] El gadget ya existe
ERROR: POST /user/admin/gadgets admin
[02/04/2008 10:01:16] El gadget ya existe
ERROR: POST /user/admin/gadgets admin
[02/04/2008 10:01:21] El gadget ya existe
ERROR: POST /user/admin/gadgets admin
[02/04/2008 10:01:21] El gadget ya existe
ERROR: POST /user/admin/gadgets admin
[02/04/2008 10:01:21] El gadget ya existe
ERROR: POST /user/admin/gadgets admin
[02/04/2008 10:01:22] El gadget ya existe
ERROR: POST /user/admin/gadgets admin
[02/04/2008 10:01:22] El gadget ya existe
ERROR: POST /user/admin/gadgets admin
[02/04/2008 10:01:22] El gadget ya existe
ERROR: POST /user/admin/gadgets admin
[02/04/2008 10:01:22] El gadget ya existe
ERROR: POST /user/admin/gadgets admin
[02/04/2008 10:01:22] El gadget ya existe
ERROR: POST /user/admin/gadgets admin
[02/04/2008 10:01:22] El gadget ya existe
ERROR: POST /user/admin/gadgets admin
[02/04/2008 10:01:22] El gadget ya existe
ERROR: POST /user/admin/gadgets admin
[02/04/2008 10:01:22] El gadget ya existe
ERROR: POST /user/admin/gadgets admin
[02/04/2008 10:01:22] El gadget ya existe
ERROR: POST /user/admin/gadgets admin
[02/04/2008 10:01:22] El gadget ya existe
ERROR: POST /user/admin/gadgets admin
[02/04/2008 10:01:23] El gadget ya existe
ERROR: POST /user/admin/gadgets admin
[02/04/2008 10:01:23] El gadget ya existe
ERROR: POST /user/admin/gadgets admin
[02/04/2008 10:01:23] El gadget ya existe
ERROR: POST /user/admin/gadgets admin
[02/04/2008 10:01:23] El gadget ya existe
ERROR: POST /user/admin/gadgets admin
[02/04/2008 10:01:23] El gadget ya existe
ERROR: POST /user/admin/gadgets admin
[02/04/2008 10:01:23] El gadget ya existe
ERROR: POST /user/admin/gadgets admin
[02/04/2008 10:01:23] El gadget ya existe
ERROR: POST /user/admin/gadgets admin
[02/04/2008 10:01:23] El gadget ya existe
ERROR: POST /user/admin/gadgets admin
[02/04/2008 10:01:23] El gadget ya existe
ERROR: POST /user/admin/gadgets admin
[02/04/2008 10:01:24] El gadget ya existe
ERROR: POST /user/admin/gadgets admin
[02/04/2008 10:01:24] El gadget ya existe
ERROR: POST /user/admin/gadgets admin
[02/04/2008 10:01:24] El gadget ya existe
ERROR: POST /user/admin/gadgets admin
[02/04/2008 10:01:24] El gadget ya existe
ERROR: POST /user/admin/gadgets admin
[02/04/2008 10:02:52] El gadget ya existe
ERROR: POST /user/admin/gadgets admin
[02/04/2008 10:02:59] El gadget ya existe
ERROR: POST /user/admin/gadgets admin
[02/04/2008 10:08:23] El gadget ya existe
ERROR: POST /user/admin/gadgets admin
[02/04/2008 10:09:16] El gadget ya existe
ERROR: POST /user/admin/gadgets admin
[02/04/2008 10:10:20] El gadget ya existe
ERROR: POST /user/admin/gadgets admin
[02/04/2008 10:11:54] El gadget ya existe
ERROR: POST /user/admin/gadgets admin
[02/04/2008 11:44:28] El gadget ya existe
ERROR: POST /user/admin/gadgets admin
[02/04/2008 11:46:40] El gadget ya existe
ERROR: POST /user/admin/gadgets admin
[02/04/2008 17:24:15] El gadget ya existe
ERROR: POST /user/admin/gadgets admin
[02/04/2008 17:26:21] El gadget ya existe
ERROR: POST /user/admin/gadgets admin
[02/04/2008 18:04:31] El gadget ya existe
ERROR: POST /user/admin/gadgets admin
[02/04/2008 18:07:03] El gadget ya existe
ERROR: POST /user/admin/gadgets admin
[02/04/2008 18:11:06] El gadget ya existe
ERROR: POST /user/admin/gadgets admin
[02/04/2008 18:11:33] El gadget ya existe
ERROR: POST /user/admin/gadgets admin
[02/04/2008 18:11:56] El gadget ya existe
ERROR: POST /user/admin/gadgets admin
[02/04/2008 18:22:27] El gadget ya existe
ERROR: POST /user/admin/gadgets admin
[02/04/2008 18:29:29] El gadget ya existe
ERROR: POST /user/admin/gadgets admin
[03/04/2008 12:12:28] El gadget ya existe
ERROR: POST /user/admin/gadgets admin
[03/04/2008 12:13:53] El gadget ya existe
ERROR: POST /user/admin/gadgets admin
[03/04/2008 12:14:58] El gadget ya existe
ERROR: POST /user/admin/gadgets admin
[03/04/2008 12:26:42] El gadget ya existe
ERROR: POST /user/admin/gadgets admin
[03/04/2008 12:28:29] El gadget ya existe
ERROR: POST /user/admin/gadgets admin
[03/04/2008 12:30:32] El gadget ya existe
ERROR: POST /user/admin/gadgets admin
[03/04/2008 12:31:21] El gadget ya existe
ERROR: POST /user/admin/gadgets admin
[03/04/2008 12:31:43] El gadget ya existe
ERROR: POST /user/admin/gadgets admin
[03/04/2008 12:32:33] El gadget ya existe
ERROR: POST /user/admin/gadgets admin
[03/04/2008 12:33:26] El gadget ya existe
ERROR: POST /user/admin/gadgets admin
[03/04/2008 12:43:18] El gadget ya existe
ERROR: POST /user/admin/gadgets admin
[03/04/2008 12:43:51] El gadget ya existe
ERROR: POST /user/admin/gadgets admin
[03/04/2008 12:44:43] El gadget ya existe
ERROR: POST /user/admin/gadgets admin
[03/04/2008 12:45:32] El gadget ya existe
ERROR: POST /user/admin/gadgets admin
[03/04/2008 12:47:18] El gadget ya existe
ERROR: POST /user/admin/gadgets admin
[03/04/2008 13:10:14] El gadget ya existe
ERROR: POST /user/admin/gadgets admin
[03/04/2008 13:10:45] El gadget ya existe
ERROR: POST /user/admin/gadgets admin
[03/04/2008 13:11:11] El gadget ya existe
ERROR: POST /user/admin/gadgets admin
[03/04/2008 13:22:27] El gadget ya existe
ERROR: POST /user/admin/gadgets admin
[03/04/2008 13:22:32] El gadget ya existe
ERROR: POST /user/admin/gadgets admin
[03/04/2008 13:22:37] El gadget ya existe
ERROR: POST /user/admin/gadgets admin
[03/04/2008 15:49:39] El gadget ya existe
ERROR: POST /user/admin/gadgets admin
[03/04/2008 15:50:00] El gadget ya existe
ERROR: POST /user/admin/gadgets admin
[03/04/2008 15:52:44] El gadget ya existe
ERROR: POST /user/admin/gadgets admin
[03/04/2008 16:02:53] El gadget ya existe
ERROR: PUT /workspace/1/variables admin
[28/04/2008 17:09:01] tab cannot be created: list indices must be integers
ERROR: PUT /workspace/1/variables admin
[28/04/2008 17:09:19] tab cannot be created: list indices must be integers
ERROR: PUT /workspace/1/variables admin
[28/04/2008 17:10:33] tab cannot be created: list indices must be integers
ERROR: PUT /workspace/1/variables admin
[28/04/2008 17:15:43] tab cannot be created: list indices must be integers
ERROR: PUT /workspace/1/variables admin
[28/04/2008 17:16:39] tab cannot be created: list indices must be integers
ERROR: PUT /workspace/1/variables admin
[28/04/2008 17:18:25] tab cannot be created: list indices must be integers
ERROR: PUT /workspace/1/variables admin
[28/04/2008 17:19:02] tab cannot be created: list indices must be integers
ERROR: PUT /workspace/1/variables admin
[28/04/2008 17:28:58] tab cannot be created: list indices must be integers
ERROR: PUT /workspace/1/variables admin
[28/04/2008 17:37:28] tab cannot be created: invalid syntax (<string>, line 1)
ERROR: PUT /workspace/1/variables admin
[28/04/2008 17:37:37] tab cannot be created: invalid syntax (<string>, line 1)
ERROR: PUT /workspace/1/variables admin
[28/04/2008 17:42:49] tab cannot be created: global name 'tab' is not defined
ERROR: PUT /workspace/1/variables admin
[28/04/2008 17:43:12] tab cannot be created: global name 'tab' is not defined
ERROR: PUT /workspace/1/variables admin
[28/04/2008 17:54:18] tab cannot be created: global name 'Variable' is not defined
ERROR: PUT /workspace/1/variables admin
[28/04/2008 17:54:18] tab cannot be created: global name 'Variable' is not defined
ERROR: PUT /workspace/1/variables admin
[28/04/2008 17:55:12] tab cannot be created: 'dict' object has no attribute 'id'
ERROR: PUT /workspace/1/variables admin
[28/04/2008 17:55:12] tab cannot be created: 'dict' object has no attribute 'id'
ERROR: PUT /workspace/1/variables admin
[28/04/2008 17:58:43] tab cannot be created: 'dict' object has no attribute 'value'
ERROR: PUT /workspace/1/variables admin
[29/04/2008 13:13:00] tab cannot be created: name 'null' is not defined
ERROR: PUT /workspace/1/variables admin
[29/04/2008 13:14:09] tab cannot be created: name 'null' is not defined
ERROR: PUT /workspace/1/variables admin
[29/04/2008 13:14:29] tab cannot be created: name 'null' is not defined
ERROR: PUT /workspace/1/variables admin
[29/04/2008 13:15:07] tab cannot be created: name 'null' is not defined
ERROR: PUT /workspace/1/variables admin
[29/04/2008 13:16:06] tab cannot be created: name 'null' is not defined
ERROR: PUT /workspace/1/variables admin
[29/04/2008 13:17:54] tab cannot be created: name 'null' is not defined
ERROR: PUT /workspace/1/variables admin
[29/04/2008 13:29:49] tab cannot be created: name 'null' is not defined
